<?xml version="1.0" encoding="UTF-8"?>
<testsuite name="RobotTests.PredictiveCurrentLimitingTest" tests="8" skipped="0" failures="0" errors="0" timestamp="2019-05-20T03:46:14" hostname="mani-main" time="0.031">
  <properties/>
  <testcase name="getVoltageHighRPMTest()" classname="RobotTests.PredictiveCurrentLimitingTest" time="0.018"/>
  <testcase name="getVoltageMultipleMotorsTest()" classname="RobotTests.PredictiveCurrentLimitingTest" time="0.002"/>
  <testcase name="getVoltageDifferentGearRatioTest()" classname="RobotTests.PredictiveCurrentLimitingTest" time="0.001"/>
  <testcase name="getVoltageMultipleMotorsHighRPMTest()" classname="RobotTests.PredictiveCurrentLimitingTest" time="0.001"/>
  <testcase name="getVoltageNonLimitedTest()" classname="RobotTests.PredictiveCurrentLimitingTest" time="0.001"/>
  <testcase name="getVoltageGearRatioLowRPMTest()" classname="RobotTests.PredictiveCurrentLimitingTest" time="0.001"/>
  <testcase name="getVoltageTestSame()" classname="RobotTests.PredictiveCurrentLimitingTest" time="0.001"/>
  <testcase name="getVoltageTestDifferent()" classname="RobotTests.PredictiveCurrentLimitingTest" time="0.002"/>
  <system-out><![CDATA[Kw0.0022050040817495667
R0.0916030534351145
volt max9.363103848302135
volt min3.8669206421952653
Predicted Voltage: 9.363103848302135Test Voltage9.363103848302135
Kw0.0022050040817495667
R0.0916030534351145
volt max2.7480916030534353
volt min-2.7480916030534353
Predicted Voltage: 2.7480916030534353 Test Voltage: 2.7480916030534353
Kw0.0044100081634991335
R0.0916030534351145
volt max15.978116093550836
volt min10.481932887443966
Predicted Voltage: 12.0Test Voltage6.055597725677785
Kw0.0022050040817495667
R0.0916030534351145
volt max14.500763358778626
volt min9.004580152671755
Predicted Voltage: 12.0 Test Voltage: 12.0
Kw0.2795536384096024
R0.13953488372093023
volt max3.3488372093023253
volt min-3.3488372093023253
Predicted Voltage 1.0 Test Voltage: 1.0
Kw0.0044100081634991335
R0.0916030534351145
volt max7.158099766552569
volt min1.6619165604456985
Kw0.0044100081634991335
R0.0916030534351145
volt max7.158099766552569
volt min1.6619165604456985
Predicted Voltage: 7.158099766552569 Test Voltage: 7.158099766552569
Kw0.0022050040817495667
R0.0916030534351145
volt max2.7480916030534353
volt min-2.7480916030534353
Predicted Voltage: 2.7480916030534353Test Voltage2.7480916030534353
Kw0.0022050040817495667
R0.0916030534351145
volt max2.7480916030534353
volt min-2.7480916030534353
Predicted Voltage: 2.7480916030534353Test Voltage2.7480916030534353
]]></system-out>
  <system-err><![CDATA[]]></system-err>
</testsuite>
