<?xml version="1.0" encoding="UTF-8"?>
<testsuite name="RobotTests.Main" tests="1" skipped="0" failures="0" errors="0" timestamp="2019-05-20T03:46:14" hostname="mani-main" time="0.007">
  <properties/>
  <testcase name="initialTest()" classname="RobotTests.Main" time="0.007"/>
  <system-out><![CDATA[]]></system-out>
  <system-err><![CDATA[]]></system-err>
</testsuite>
